ver size count b avg std med min lower upper
2 576 100 10 5887.1901 1670.3112 5710.2630 2855.1010 5041.8960 6732.4842
r 576 100 10 158.4571 63.8889 102.4590 90.8190 126.1248 190.7893
2 576 100 100 2809.4741 529.9034 2258.0960 1974.0430 2541.3060 3077.6422
r 576 100 100 138.5738 64.6971 81.0800 72.7830 105.8325 171.3151
2 576 512 10 2674.9610 824.4086 1764.6180 1742.0830 2226.8074 3123.1146
r 576 512 10 130.6268 49.8963 96.2920 84.2830 103.5028 157.7507
2 576 512 100 1863.8125 34.3340 1838.3980 1803.1950 1845.1484 1882.4767
r 576 512 100 100.0000 13.2155 87.9130 80.2840 92.8160 107.1840
2 576 4096 10 3947.7577 793.7260 3049.7510 2936.9990 3478.6956 4416.8198
r 576 4096 10 213.1601 72.1092 146.8620 124.1960 170.5462 255.7739
2 576 4096 100 2482.0776 722.2668 2040.3010 2017.8280 2055.2452 2908.9100
r 576 4096 100 163.5196 33.5303 135.5640 113.0360 143.7045 183.3348
2 576 4096 1000 3707.2740 330.6523 3402.2310 3370.8560 3511.8710 3902.6770
r 576 4096 1000 129.6089 14.3030 118.3190 104.6850 121.1564 138.0615
2 576 10000 10 9068.8078 2938.3475 5978.2540 5260.1420 7149.0874 10988.5282
r 576 10000 10 244.5844 52.6448 186.7760 179.1530 210.1898 278.9790
2 576 10000 100 2748.1922 286.3576 2470.0820 2346.2580 2561.1053 2935.2792
r 576 10000 100 210.4967 23.0074 188.8630 175.7650 195.4651 225.5282
2 576 10000 1000 3645.7123 203.0833 3418.7740 3371.4860 3513.0313 3778.3934
r 576 10000 1000 189.9780 8.2894 185.9890 175.1990 184.5623 195.3937
2 576 10000 10000 23119.7172 217.1998 22973.9840 22712.2660 22977.8134 23261.6211
r 576 10000 10000 270.9152 82.8418 187.8570 178.7910 216.7919 325.0385
2 576 65536 10 49300.6150 15995.1688 34898.7770 25521.4220 37451.2281 61150.0019
r 576 65536 10 816.7216 86.7959 720.1720 708.8270 752.4223 881.0208
2 576 65536 100 9756.9424 3948.3722 4934.9500 4808.0970 6831.9474 12681.9375
r 576 65536 100 725.9950 15.9360 711.3600 698.3820 714.1894 737.8006
2 576 65536 1000 8707.6039 3385.1583 5489.3980 4130.4650 6199.8435 11215.3643
r 576 65536 1000 802.2807 80.3585 715.6280 696.7120 742.7503 861.8111
2 576 65536 10000 24833.1399 205.5560 24727.4810 24430.7030 24680.8618 24985.4179
r 576 65536 10000 1050.6473 529.0079 707.0050 692.1580 658.7528 1442.5418
2 576 524288 10 227183.9152 3983.9598 223677.2460 222152.2040 223691.8204 230676.0100
r 576 524288 10 6463.0812 924.3108 5917.1040 4988.3390 5652.8870 7273.2754
2 576 524288 100 38881.6760 6283.7241 32905.4380 29098.4240 33373.7490 44389.6030
r 576 524288 100 6473.1154 1118.0916 5376.4510 4992.3050 5493.0649 7453.1659
2 576 524288 1000 11428.5540 643.2531 10733.6420 10513.3780 10864.7178 11992.3902
r 576 524288 1000 5601.4312 634.2320 5056.4480 5000.6740 5045.5023 6157.3601
2 576 524288 10000 31025.2792 333.4981 30762.6250 30436.0710 30732.9552 31317.6032
r 576 524288 10000 5314.5432 277.9336 5134.3510 5005.2730 5070.9237 5558.1627
2 576 524288 100000 170123.7826 2394.1234 169599.4900 166513.1370 168025.2409 172222.3243
r 576 524288 100000 6016.6354 440.5414 6116.5540 5259.6120 5630.4839 6402.7869
2 576 1000000 10 446367.2327 15200.1896 440469.2780 423417.6980 429166.5988 463567.8665
r 576 1000000 10 10447.1773 413.8027 10455.2920 9936.3660 9978.9155 10915.4392
2 576 1000000 100 62311.4240 3851.6389 59450.5180 56284.7680 57952.8843 66669.9637
r 576 1000000 100 9334.1280 50.4172 9285.9620 9265.3840 9277.0755 9391.1805
2 576 1000000 1000 16557.6250 845.9785 15714.7390 15359.0500 15600.3102 17514.9398
r 576 1000000 1000 9461.7210 148.1569 9284.9700 9275.6820 9294.0657 9629.3763
2 576 1000000 10000 36236.1810 370.2422 35802.3250 35763.9450 35817.2125 36655.1495
r 576 1000000 10000 9544.2437 149.0262 9449.5430 9396.6450 9375.6046 9712.8827
2 576 1000000 100000 177615.3560 785.3158 177151.5080 176735.3630 176726.6876 178504.0244
r 576 1000000 100000 9706.2590 250.1763 9709.2000 9398.3970 9423.1579 9989.3601
2 576 1000000 1000000 1509032.2780 3642.3160 1505831.1340 1503596.0960 1504910.6094 1513153.9466
r 576 1000000 1000000 11266.6180 357.5624 10891.4290 10773.8850 10861.9981 11671.2379
2 576 10000000 10 4102135.2920 0.0000 4102135.2920 4102135.2920 4102135.2920 4102135.2920
r 576 10000000 10 107295.0660 0.0000 107295.0660 107295.0660 107295.0660 107295.0660
2 576 10000000 100 535813.2810 0.0000 535813.2810 535813.2810 535813.2810 535813.2810
r 576 10000000 100 103053.0000 0.0000 103053.0000 103053.0000 103053.0000 103053.0000
2 576 10000000 1000 128027.4480 0.0000 128027.4480 128027.4480 128027.4480 128027.4480
r 576 10000000 1000 104687.4410 0.0000 104687.4410 104687.4410 104687.4410 104687.4410
2 576 10000000 10000 94886.9300 0.0000 94886.9300 94886.9300 94886.9300 94886.9300
r 576 10000000 10000 107296.5960 0.0000 107296.5960 107296.5960 107296.5960 107296.5960
2 576 10000000 100000 251652.5650 0.0000 251652.5650 251652.5650 251652.5650 251652.5650
r 576 10000000 100000 109641.5040 0.0000 109641.5040 109641.5040 109641.5040 109641.5040
2 576 10000000 1000000 1780968.2520 0.0000 1780968.2520 1780968.2520 1780968.2520 1780968.2520
r 576 10000000 1000000 108951.6180 0.0000 108951.6180 108951.6180 108951.6180 108951.6180
2 576 10000000 10000000 19653483.3780 0.0000 19653483.3780 19653483.3780 19653483.3780 19653483.3780
r 576 10000000 10000000 112187.3720 0.0000 112187.3720 112187.3720 112187.3720 112187.3720
