ver size count b avg std med min lower upper
1 1152 2 1 38.3904 12.5277 24.9300 22.2710 32.7572 44.0235
4 1152 2 1 64.9870 21.5402 41.8250 34.0770 55.3013 74.6727
5 1152 2 1 113.1362 24.9101 96.0330 72.3910 101.9352 124.3371
r 1152 2 1 199.3976 162.1427 31.1250 22.0390 126.4893 272.3058
1 1152 100 26 73.2452 5.2828 67.5520 64.6480 70.7339 75.7565
4 1152 100 26 124.2560 35.7940 107.6780 67.3830 107.2406 141.2714
5 1152 100 26 223.5558 101.6759 111.7240 98.4190 175.2222 271.8895
r 1152 100 26 79.8499 5.7306 77.5890 68.6020 77.1257 82.5740
1 1152 100 52 72.7857 15.4815 59.2580 49.3220 65.4263 80.1451
4 1152 100 52 68.1091 20.6388 57.2250 46.7120 58.2980 77.9202
5 1152 100 52 104.5370 25.6120 86.6630 76.9450 92.3618 116.7122
r 1152 100 52 71.1028 14.2738 61.9660 47.9470 64.3174 77.8881
1 1152 100 100 51.1950 8.1646 43.1320 37.1190 47.3138 55.0762
4 1152 100 100 74.5155 30.9772 41.8090 39.1490 59.7898 89.2411
5 1152 100 100 133.7078 66.3944 73.9260 69.0070 102.1459 165.2697
r 1152 100 100 145.1615 103.6282 42.1610 40.4220 95.8997 194.4232
1 1152 512 129 73.6407 11.1200 64.7540 55.0070 68.0132 79.2682
4 1152 512 129 157.7079 75.3959 75.9440 69.4600 119.5524 195.8635
5 1152 512 129 116.3449 12.6567 106.9650 96.9990 109.9398 122.7501
r 1152 512 129 98.4914 57.2042 73.3610 66.9450 69.5421 127.4407
1 1152 512 258 64.2435 10.7185 55.6300 45.7170 58.8192 69.6678
4 1152 512 258 79.8325 8.8289 72.4810 64.2580 75.3644 84.3005
5 1152 512 258 333.8760 211.9855 115.0830 96.7520 226.5965 441.1555
r 1152 512 258 141.0326 63.1259 75.2070 65.0640 109.0865 172.9787
1 1152 512 512 63.4932 16.4960 45.7080 43.0920 55.1451 71.8413
4 1152 512 512 80.5013 8.0937 71.3340 68.8040 76.4053 84.5973
5 1152 512 512 117.8849 13.2932 103.7170 98.4620 111.1576 124.6122
r 1152 512 512 75.7530 17.3259 58.3970 49.8440 66.9849 84.5211
1 1152 4096 1025 325.6975 162.1572 163.0920 147.6150 237.5478 413.8471
4 1152 4096 1025 325.4759 84.6453 235.8360 224.7220 279.4622 371.4896
5 1152 4096 1025 438.4397 183.6514 246.0520 231.1710 338.6057 538.2737
r 1152 4096 1025 166.6027 28.8952 134.9900 128.8430 150.8951 182.3103
1 1152 4096 2050 165.3608 15.1799 149.0700 145.2930 157.1090 173.6127
4 1152 4096 2050 378.9670 86.0033 285.7010 279.6820 332.2151 425.7189
5 1152 4096 2050 353.0730 16.6640 341.1390 328.5320 344.0143 362.1317
r 1152 4096 2050 161.1885 28.3873 135.9870 121.3880 145.7570 176.6201
1 1152 4096 4096 192.8695 40.8568 149.2320 143.4670 170.6594 215.0795
4 1152 4096 4096 526.2150 61.1808 464.5510 450.7290 492.9567 559.4733
5 1152 4096 4096 533.7616 41.8407 488.7680 474.0340 511.0168 556.5065
r 1152 4096 4096 213.7018 85.7620 125.5140 116.5880 167.0811 260.3226
1 1152 10000 2501 380.6524 75.5227 298.3290 292.3270 336.0213 425.2834
4 1152 10000 2501 657.8471 98.2546 557.0930 524.2790 599.7823 715.9118
5 1152 10000 2501 752.3864 200.6894 544.2090 507.3010 633.7865 870.9862
r 1152 10000 2501 224.3486 23.0024 202.5010 188.2460 210.7551 237.9422
1 1152 10000 5002 325.3076 29.4312 295.4960 288.9360 307.9149 342.7004
4 1152 10000 5002 784.2158 48.0417 738.6770 720.5610 755.8250 812.6066
5 1152 10000 5002 861.0520 36.9277 829.7930 802.8310 839.2291 882.8749
r 1152 10000 5002 306.1556 106.8160 192.1700 186.0060 243.0314 369.2799
1 1152 10000 10000 456.6613 150.8014 292.0820 286.9330 367.5433 545.7792
4 1152 10000 10000 1037.4471 24.2052 1008.7660 1005.2480 1023.1427 1051.7515
5 1152 10000 10000 1212.1562 77.3516 1133.2880 1099.0320 1166.4443 1257.8681
r 1152 10000 10000 239.9767 30.1431 214.6200 209.0490 222.1633 257.7902
1 1152 65536 16385 1839.1986 142.9307 1690.9890 1673.6340 1745.8172 1932.5799
4 1152 65536 16385 3060.1370 58.9247 3004.5770 2954.6610 3021.6395 3098.6345
5 1152 65536 16385 2997.7562 62.4513 2943.3090 2906.9660 2956.9547 3038.5577
r 1152 65536 16385 938.9430 27.8780 908.5350 903.2550 920.7294 957.1566
1 1152 65536 32770 1680.3320 29.7237 1671.3550 1600.2070 1660.9125 1699.7515
4 1152 65536 32770 4253.4361 296.6701 3982.9050 3966.9460 4059.6116 4447.2606
5 1152 65536 32770 5066.5944 907.9520 4234.4770 4083.9660 4473.3991 5659.7898
r 1152 65536 32770 3741.3630 2484.5822 966.8460 896.5790 2118.1026 5364.6234
1 1152 65536 65536 1696.7470 38.3639 1662.3350 1636.9370 1671.6826 1721.8114
4 1152 65536 65536 5625.8938 108.8525 5533.8430 5422.1320 5554.7768 5697.0107
5 1152 65536 65536 5879.0617 67.3041 5823.0020 5732.7110 5835.0896 5923.0337
r 1152 65536 65536 899.9881 8.0904 896.1860 882.7650 894.7024 905.2739
1 1152 524288 131073 17124.7684 2072.1009 14547.9520 14401.3810 15589.7346 18659.8022
4 1152 524288 131073 24794.6770 1166.9622 23488.7580 23206.3160 23930.1793 25659.1747
5 1152 524288 131073 23100.5716 568.8488 22685.5580 22037.9170 22679.1625 23521.9807
r 1152 524288 131073 8575.4153 419.7388 8270.0720 8205.3030 8264.4685 8886.3621
1 1152 524288 262146 14903.6080 406.9215 14456.0550 14422.2220 14602.1563 15205.0597
4 1152 524288 262146 33095.0999 1048.3592 32078.5070 31625.7440 32318.4645 33871.7353
5 1152 524288 262146 33471.3557 815.8501 32884.1660 32130.9920 32866.9655 34075.7459
r 1152 524288 262146 8683.9327 352.3904 8292.9830 8248.7610 8422.8783 8944.9872
1 1152 524288 524288 15889.6897 1193.5573 14514.8470 14374.2160 15005.4901 16773.8893
4 1152 524288 524288 43786.9860 450.3041 43509.0870 42900.0980 43453.3960 44120.5760
5 1152 524288 524288 47203.8494 1440.3508 46210.3860 44108.5790 46136.8226 48270.8762
r 1152 524288 524288 11715.4211 3253.2047 8214.9260 8110.6440 9305.4133 14125.4289
1 1152 1000000 250001 30557.2740 1747.8292 28666.4270 28393.1990 29025.2342 32089.3138
4 1152 1000000 250001 44971.1038 573.7757 44847.3600 44127.8240 44468.1672 45474.0404
5 1152 1000000 250001 43109.4152 336.7558 42881.0380 42696.3980 42814.2358 43404.5946
r 1152 1000000 250001 16914.8328 470.0269 16449.0240 16244.3110 16502.8360 17326.8296
1 1152 1000000 500002 32204.0778 2537.4002 29124.9890 28762.3570 29979.9485 34428.2071
4 1152 1000000 500002 61140.4328 903.8647 60285.1860 59693.5280 60348.1605 61932.7051
5 1152 1000000 500002 64240.9184 973.9712 63227.1810 63073.9590 63387.1950 65094.6418
r 1152 1000000 500002 16752.8792 1055.2701 16229.2660 16146.8360 15827.8942 17677.8642
1 1152 1000000 1000000 28545.3318 84.3175 28501.7540 28407.1780 28471.4243 28619.2393
4 1152 1000000 1000000 83698.1650 566.5532 83234.0800 82733.4130 83201.5592 84194.7708
5 1152 1000000 1000000 89883.3854 1435.9064 89013.4630 87227.0980 88624.7580 91142.0128
r 1152 1000000 1000000 18102.7202 1655.2360 16307.6080 16164.7210 16651.8419 19553.5985
1 1152 10000000 2500001 346766.2140 5265.7697 345224.0800 337776.9530 340807.4347 352724.9933
4 1152 10000000 2500001 461578.6727 6353.6360 462075.9850 453560.3610 454388.8567 468768.4887
5 1152 10000000 2500001 445639.4787 3951.7935 445197.2190 438866.5880 441167.6033 450111.3540
r 1152 10000000 2500001 173751.7520 2050.9169 175102.5880 170853.5380 171430.9210 176072.5830
1 1152 10000000 5000002 349719.1390 5147.2957 347607.2380 341057.5090 343894.4255 355543.8525
4 1152 10000000 5000002 632195.0740 12306.4113 633536.0650 613167.8300 618269.0587 646121.0893
5 1152 10000000 5000002 653471.5050 15099.8213 642406.2320 629773.9620 636384.4486 670558.5614
r 1152 10000000 5000002 174535.9350 1363.6842 174253.5780 172259.9130 172992.7811 176079.0889
1 1152 10000000 10000000 341959.5570 2579.0096 341046.1800 337586.9590 339041.1330 344877.9810
4 1152 10000000 10000000 923865.7617 16136.0080 917335.5830 900035.1910 905606.1497 942125.3737
5 1152 10000000 10000000 990620.4163 9833.3635 990096.6150 975393.8410 979492.9180 1001747.9147
r 1152 10000000 10000000 173320.6843 1263.7227 172433.6830 172394.8720 171890.6475 174750.7212
