ver size count b avg std med min lower upper
1 16 2 1 19.5265 9.7374 9.2220 8.0820 15.1481 23.9050
4 16 2 1 42.4936 28.4364 12.3680 10.4030 29.7070 55.2802
5 16 2 1 34.1161 8.9258 24.7210 23.2980 30.1025 38.1296
r 16 2 1 9.4754 2.3235 7.1980 5.4610 8.4306 10.5202
1 16 100 26 53.1604 15.2835 37.7450 28.0890 45.8950 60.4257
4 16 100 26 84.3704 27.3460 59.5720 31.9440 71.3710 97.3699
5 16 100 26 92.8933 36.0752 50.9170 42.1740 75.7442 110.0423
r 16 100 26 32.4550 3.4042 29.1260 27.9780 30.8367 34.0733
1 16 100 52 32.3516 9.2374 27.5400 13.3230 27.9604 36.7428
4 16 100 52 20.5221 1.9884 18.7950 17.0280 19.5769 21.4674
5 16 100 52 35.9660 6.4940 29.6790 27.1910 32.8790 39.0530
r 16 100 52 30.3190 7.9506 25.2940 8.5670 26.5395 34.0985
1 16 100 100 29.4951 11.1551 18.7590 13.9270 24.1923 34.7979
4 16 100 100 18.2879 4.9944 12.9820 11.8970 15.9137 20.6621
5 16 100 100 26.8763 1.7425 25.3500 23.9460 26.0480 27.7046
r 16 100 100 27.0733 11.3424 15.2130 9.6120 21.6814 32.4651
1 16 512 129 25.8891 5.2217 21.0290 17.4710 23.2465 28.5316
4 16 512 129 33.5692 2.2397 32.0490 28.3300 32.4358 34.7026
5 16 512 129 44.6378 2.9310 42.1780 39.8700 43.1545 46.1211
r 16 512 129 28.5325 12.6518 15.3870 12.5150 22.1298 34.9352
1 16 512 258 23.6881 3.3113 20.7330 17.7010 22.0124 25.3639
4 16 512 258 22.3101 1.4230 21.1980 19.2460 21.5900 23.0303
5 16 512 258 35.5365 2.5851 33.3150 30.8690 34.2282 36.8447
r 16 512 258 18.9009 4.1137 14.7820 12.1140 16.8190 20.9827
1 16 512 512 23.8823 3.1593 20.8170 19.2130 22.2834 25.4811
4 16 512 512 19.7423 1.2650 18.8230 17.1050 19.1022 20.3825
5 16 512 512 31.6811 2.1867 29.6990 27.9220 30.5745 32.7878
r 16 512 512 17.0199 2.9179 14.3680 12.7300 15.5432 18.4965
1 16 4096 1025 88.9395 9.0205 78.9580 76.0910 84.0359 93.8432
4 16 4096 1025 70.5937 4.5548 65.8930 63.7880 68.1177 73.0697
5 16 4096 1025 75.0333 3.5676 72.1990 69.1370 73.0939 76.9727
r 16 4096 1025 46.2160 6.1488 40.8640 36.3620 42.8735 49.5585
1 16 4096 2050 82.9510 6.3791 77.2150 72.7540 79.4833 86.4187
4 16 4096 2050 74.4460 8.6168 65.6490 61.8950 69.7618 79.1302
5 16 4096 2050 75.1050 2.2941 73.3720 69.8870 73.8579 76.3521
r 16 4096 2050 40.7503 3.6117 37.9930 34.2690 38.7869 42.7137
1 16 4096 4096 77.6318 2.0295 75.8110 73.8200 76.5285 78.7350
4 16 4096 4096 121.0851 1.8254 120.2140 116.8200 120.0928 122.0774
5 16 4096 4096 130.3908 4.8830 125.5300 122.6820 127.7364 133.0453
r 16 4096 4096 40.9274 2.5714 39.4110 35.7490 39.5296 42.3252
1 16 10000 2501 135.1564 5.2431 130.7220 126.6790 132.0579 138.2548
4 16 10000 2501 128.1148 5.4812 122.9450 118.3170 124.8756 131.3540
5 16 10000 2501 122.9579 8.5509 114.2960 111.5850 117.9047 128.0112
r 16 10000 2501 94.1005 14.5039 78.1820 75.7240 85.5292 102.6717
1 16 10000 5002 139.7427 10.6739 129.9510 123.7380 133.4349 146.0506
4 16 10000 5002 209.4608 7.2563 202.9190 197.8730 205.1726 213.7490
5 16 10000 5002 204.6402 6.0691 199.0520 194.9400 201.0536 208.2268
r 16 10000 5002 76.9997 2.2690 75.4530 72.5440 75.6589 78.3406
1 16 10000 10000 136.9470 8.8807 128.8250 123.7710 131.6988 142.1952
4 16 10000 10000 216.6221 3.0076 214.0970 211.6240 214.8447 218.3994
5 16 10000 10000 214.5254 4.6518 209.7990 208.3800 211.7763 217.2744
r 16 10000 10000 101.0305 23.9375 76.5100 73.2950 86.8843 115.1766
1 16 65536 16385 828.9472 31.8133 805.9030 782.3080 808.1625 849.7319
4 16 65536 16385 884.9830 16.7948 870.3140 858.6170 874.0104 895.9556
5 16 65536 16385 742.3709 11.4276 737.4030 720.5240 734.9048 749.8369
r 16 65536 16385 401.7664 14.4433 399.0700 373.1600 392.3302 411.2027
1 16 65536 32770 837.9804 43.6313 794.8910 781.6140 809.4746 866.4863
4 16 65536 32770 916.1229 6.1847 912.9970 904.1140 912.0822 920.1636
5 16 65536 32770 853.9282 11.0800 849.5600 835.0270 846.6893 861.1672
r 16 65536 32770 393.6648 9.3437 385.9890 376.4940 387.5602 399.7693
1 16 65536 65536 826.8513 30.3728 802.3970 767.8110 807.0078 846.6949
4 16 65536 65536 1099.5397 7.5300 1094.5250 1086.7600 1094.6200 1104.4593
5 16 65536 65536 1146.7761 24.7411 1119.8100 1109.4010 1130.6119 1162.9403
r 16 65536 65536 388.4994 5.8931 384.6050 374.4450 384.6493 392.3496
1 16 524288 131073 4838.4707 42.1728 4802.3550 4779.1490 4807.2287 4869.7128
4 16 524288 131073 5445.9611 13.5821 5442.0010 5415.0420 5435.8994 5456.0229
5 16 524288 131073 4728.4980 24.3128 4707.4330 4682.2540 4710.4868 4746.5092
r 16 524288 131073 3006.4360 89.1801 2893.9990 2877.9550 2940.3705 3072.5015
1 16 524288 262146 5747.9130 859.7860 4817.9170 4774.3480 5110.9746 6384.8514
4 16 524288 262146 7824.3900 980.2094 6742.7690 6690.4940 7098.2407 8550.5393
5 16 524288 262146 6678.9201 318.6017 6346.4490 6289.5570 6442.8967 6914.9436
r 16 524288 262146 4049.3800 878.0923 3018.1740 3012.9600 3398.8801 4699.8799
1 16 524288 524288 4798.8419 28.0705 4788.0070 4752.4960 4778.0469 4819.6368
4 16 524288 524288 8864.2010 12.6001 8864.0600 8835.7980 8854.8667 8873.5353
5 16 524288 524288 8952.9439 13.6825 8943.6000 8926.8350 8942.8077 8963.0800
r 16 524288 524288 3031.1139 18.5716 3017.4700 3000.2760 3017.3558 3044.8719
1 16 1000000 250001 9345.8730 19.9397 9341.1480 9303.9650 9328.3951 9363.3509
4 16 1000000 250001 10336.1892 37.2532 10309.3340 10268.8670 10303.5353 10368.8431
5 16 1000000 250001 9257.1004 56.1738 9195.8910 9174.2660 9207.8619 9306.3389
r 16 1000000 250001 5802.3830 46.9453 5763.1630 5726.4160 5761.2336 5843.5324
1 16 1000000 500002 9253.4734 52.5791 9240.0370 9143.4650 9207.3858 9299.5610
4 16 1000000 500002 12691.1422 12.8731 12681.8230 12671.7090 12679.8585 12702.4259
5 16 1000000 500002 11994.9046 18.3625 11973.7020 11968.2500 11978.8092 12011.0000
r 16 1000000 500002 6000.4292 151.6030 5847.3740 5808.5670 5867.5433 6133.3151
1 16 1000000 1000000 9270.4340 25.2108 9257.1450 9230.4500 9248.3358 9292.5322
4 16 1000000 1000000 17292.5310 45.5543 17285.4290 17196.0910 17252.6009 17332.4611
5 16 1000000 1000000 18326.8374 91.8938 18222.9650 18208.4790 18246.2890 18407.3858
r 16 1000000 1000000 5871.9350 64.9631 5830.8360 5757.8080 5814.9923 5928.8777
1 16 10000000 2500001 120990.0977 575.7718 120377.2190 120286.4390 120338.5505 121641.6448
4 16 10000000 2500001 109374.9700 382.1895 109219.4800 108731.5190 108942.4819 109807.4581
5 16 10000000 2500001 114176.8743 941.0010 113516.0910 113488.9240 113112.0314 115241.7172
r 16 10000000 2500001 64709.2240 491.1558 64488.7290 64249.0440 64153.4289 65265.0191
1 16 10000000 5000002 121132.3763 696.2718 120891.1590 120053.7410 120344.4706 121920.2820
4 16 10000000 5000002 136194.2210 244.5314 136025.0790 136003.5860 135917.5077 136470.9343
5 16 10000000 5000002 141142.6993 96.8534 141118.3630 140994.2420 141033.0994 141252.2993
r 16 10000000 5000002 65304.9480 1514.8412 63503.0430 63397.7590 63590.7438 67019.1522
1 16 10000000 10000000 120867.2697 232.1224 120863.8650 120465.2940 120604.5985 121129.9409
4 16 10000000 10000000 189432.5260 1580.4873 188518.8970 187610.3760 187644.0362 191221.0158
5 16 10000000 10000000 203501.0360 1392.8595 203782.1650 201672.0370 201924.8671 205077.2049
r 16 10000000 10000000 64246.2550 1204.1001 63073.9770 62521.3390 62883.6875 65608.8225
